2021-11-12 14:08:38:838 debug: 200
2021-11-12 14:08:38:838 debug: OK
2021-11-12 14:08:40:840 debug: 200
2021-11-12 14:08:40:840 debug: OK
2021-11-12 14:08:43:843 error: 404
2021-11-12 14:08:43:843 error: Not Found
2021-11-12 14:08:46:846 error: 404
2021-11-12 14:08:46:846 error: Not Found
2021-11-12 14:12:56:1256 debug: 200
2021-11-12 14:12:56:1256 debug: OK
2021-11-12 14:12:59:1259 debug: 200
2021-11-12 14:12:59:1259 debug: OK
2021-11-12 14:13:02:132 error: 404
2021-11-12 14:13:02:132 error: Not Found
2021-11-12 14:13:04:134 error: 404
2021-11-12 14:13:04:134 error: Not Found
2021-11-12 14:14:28:1428 debug: 200
2021-11-12 14:14:28:1428 debug: OK
2021-11-12 14:14:30:1430 debug: 200
2021-11-12 14:14:30:1430 debug: OK
2021-11-12 14:14:33:1433 error: 404
2021-11-12 14:14:33:1433 error: Not Found
2021-11-12 14:14:36:1436 error: 404
2021-11-12 14:14:36:1436 error: Not Found
2021-11-12 14:15:27:1527 debug: 200
2021-11-12 14:15:27:1527 debug: OK
2021-11-12 14:15:29:1529 debug: 200
2021-11-12 14:15:29:1529 debug: OK
2021-11-12 14:15:32:1532 error: 404
2021-11-12 14:15:32:1532 error: Not Found
2021-11-12 14:15:32:1532 debug: 404
2021-11-12 14:15:32:1532 debug: Not Found
2021-11-12 14:15:35:1535 error: 404
2021-11-12 14:15:35:1535 error: Not Found
2021-11-12 14:15:35:1535 debug: 404
2021-11-12 14:15:35:1535 debug: Not Found
2021-11-12 14:17:22:1722 debug: 200
2021-11-12 14:17:22:1722 debug: OK
2021-11-12 14:17:25:1725 debug: 200
2021-11-12 14:17:25:1725 debug: OK
2021-11-12 14:17:28:1728 error: 404
2021-11-12 14:17:28:1728 error: Not Found
2021-11-12 14:17:28:1728 debug: 404
2021-11-12 14:17:28:1728 debug: Not Found
2021-11-12 14:17:31:1731 error: 404
2021-11-12 14:17:31:1731 error: Not Found
2021-11-12 14:17:31:1731 debug: 404
2021-11-12 14:17:31:1731 debug: Not Found
2021-11-12 14:18:07:187 debug: 200
2021-11-12 14:18:07:187 debug: OK
2021-11-12 14:18:10:1810 debug: 200
2021-11-12 14:18:10:1810 debug: OK
2021-11-12 14:18:13:1813 error: 404
2021-11-12 14:18:13:1813 error: Not Found
2021-11-12 14:18:13:1813 debug: 404
2021-11-12 14:18:13:1813 debug: Not Found
2021-11-12 14:18:16:1816 error: 404
2021-11-12 14:18:16:1816 error: Not Found
2021-11-12 14:18:16:1816 debug: 404
2021-11-12 14:18:16:1816 debug: Not Found
2021-11-12 14:18:28:1828 debug: 200
2021-11-12 14:18:28:1828 debug: OK
2021-11-12 14:18:30:1830 debug: 200
2021-11-12 14:18:30:1830 debug: OK
2021-11-12 14:18:33:1833 error: 404
2021-11-12 14:18:33:1833 error: Not Found
2021-11-12 14:18:33:1833 debug: 404
2021-11-12 14:18:33:1833 debug: Not Found
2021-11-12 14:18:36:1836 error: 404
2021-11-12 14:18:36:1836 error: Not Found
2021-11-12 14:18:36:1836 debug: 404
2021-11-12 14:18:36:1836 debug: Not Found
2021-11-12 14:26:02:262 debug: 200
2021-11-12 14:26:02:262 debug: OK
2021-11-12 14:26:05:265 debug: 200
2021-11-12 14:26:05:265 debug: OK
2021-11-12 14:26:07:267 error: 404
2021-11-12 14:26:07:267 error: Not Found
2021-11-12 14:26:07:267 debug: 404
2021-11-12 14:26:07:267 debug: Not Found
2021-11-12 14:26:10:2610 error: 404
2021-11-12 14:26:10:2610 error: Not Found
2021-11-12 14:26:10:2610 debug: 404
2021-11-12 14:26:10:2610 debug: Not Found
2021-11-12 14:28:06:286 debug: 200
2021-11-12 14:28:06:286 debug: OK
2021-11-12 14:28:07:287 debug: 200
2021-11-12 14:28:07:287 debug: OK
2021-11-12 14:28:08:288 error: 404
2021-11-12 14:28:08:288 error: Not Found
2021-11-12 14:28:08:288 debug: 404
2021-11-12 14:28:08:288 debug: Not Found
2021-11-12 14:28:09:289 error: 404
2021-11-12 14:28:09:289 error: Not Found
2021-11-12 14:28:09:289 debug: 404
2021-11-12 14:28:09:289 debug: Not Found
2021-11-12 14:29:43:2943 error: 500
2021-11-12 14:29:43:2943 error: existing_user_login
2021-11-12 14:29:43:2943 debug: 200
2021-11-12 14:29:43:2943 debug: OK
2021-11-12 14:29:45:2945 error: 500
2021-11-12 14:29:45:2945 error: existing_user_login
2021-11-12 14:29:46:2946 debug: 200
2021-11-12 14:29:46:2946 debug: OK
2021-11-12 14:29:47:2947 error: 500
2021-11-12 14:29:47:2947 error: existing_user_login
2021-11-12 14:29:48:2948 error: 404
2021-11-12 14:29:48:2948 error: Not Found
2021-11-12 14:29:48:2948 debug: 404
2021-11-12 14:29:48:2948 debug: Not Found
2021-11-12 14:29:50:2950 error: 500
2021-11-12 14:29:50:2950 error: existing_user_login
2021-11-12 14:29:51:2951 error: 404
2021-11-12 14:29:51:2951 error: Not Found
2021-11-12 14:29:51:2951 debug: 404
2021-11-12 14:29:51:2951 debug: Not Found
2021-11-12 14:31:09:319 debug: 201
2021-11-12 14:31:09:319 debug: Created
2021-11-12 14:31:10:3110 debug: 200
2021-11-12 14:31:10:3110 debug: OK
2021-11-12 14:31:12:3112 error: 500
2021-11-12 14:31:12:3112 error: existing_user_login
2021-11-12 14:31:13:3113 debug: 200
2021-11-12 14:31:13:3113 debug: OK
2021-11-12 14:31:14:3114 error: 500
2021-11-12 14:31:14:3114 error: existing_user_login
2021-11-12 14:31:15:3115 error: 404
2021-11-12 14:31:15:3115 error: Not Found
2021-11-12 14:31:15:3115 debug: 404
2021-11-12 14:31:15:3115 debug: Not Found
2021-11-12 14:31:17:3117 error: 500
2021-11-12 14:31:17:3117 error: existing_user_login
2021-11-12 14:31:18:3118 error: 404
2021-11-12 14:31:18:3118 error: Not Found
2021-11-12 14:31:18:3118 debug: 404
2021-11-12 14:31:18:3118 debug: Not Found
2021-11-12 14:33:56:3356 debug: Status: 
2021-11-12 14:33:56:3356 debug: StatusText: 
2021-11-12 14:33:56:3356 debug: user 6 created
2021-11-12 14:33:57:3357 debug: 200
2021-11-12 14:33:57:3357 debug: OK
2021-11-12 14:33:59:3359 debug: Status: 
2021-11-12 14:33:59:3359 debug: StatusText: 
2021-11-12 14:33:59:3359 debug: user 7 created
2021-11-12 14:34:00:340 debug: 200
2021-11-12 14:34:00:340 debug: OK
2021-11-12 14:34:02:342 debug: Status: 
2021-11-12 14:34:02:342 debug: StatusText: 
2021-11-12 14:34:02:342 debug: user 8 created
2021-11-12 14:34:03:343 error: 404
2021-11-12 14:34:03:343 error: Not Found
2021-11-12 14:34:03:343 debug: 404
2021-11-12 14:34:03:343 debug: Not Found
2021-11-12 14:34:05:345 debug: Status: 
2021-11-12 14:34:05:345 debug: StatusText: 
2021-11-12 14:34:05:345 debug: user 9 created
2021-11-12 14:34:06:346 error: 404
2021-11-12 14:34:06:346 error: Not Found
2021-11-12 14:34:06:346 debug: 404
2021-11-12 14:34:06:346 debug: Not Found
2021-11-12 14:36:31:3631 debug: Status: 
2021-11-12 14:36:31:3631 debug: StatusText: 
2021-11-12 14:36:31:3631 debug: user 10 created
2021-11-12 14:36:32:3632 debug: 200
2021-11-12 14:36:32:3632 debug: OK
2021-11-12 14:36:33:3633 debug: Status: 
2021-11-12 14:36:33:3633 debug: StatusText: 
2021-11-12 14:36:33:3633 debug: user 10 deleted
2021-11-12 14:36:34:3634 debug: Status: 
2021-11-12 14:36:34:3634 debug: StatusText: 
2021-11-12 14:36:34:3634 debug: user 11 created
2021-11-12 14:36:35:3635 debug: 200
2021-11-12 14:36:35:3635 debug: OK
2021-11-12 14:36:36:3636 debug: Status: 
2021-11-12 14:36:36:3636 debug: StatusText: 
2021-11-12 14:36:36:3636 debug: user 11 deleted
2021-11-12 14:36:37:3637 debug: Status: 
2021-11-12 14:36:37:3637 debug: StatusText: 
2021-11-12 14:36:37:3637 debug: user 12 created
2021-11-12 14:36:38:3638 error: 404
2021-11-12 14:36:38:3638 error: Not Found
2021-11-12 14:36:38:3638 debug: 404
2021-11-12 14:36:38:3638 debug: Not Found
2021-11-12 14:36:39:3639 debug: Status: 
2021-11-12 14:36:39:3639 debug: StatusText: 
2021-11-12 14:36:39:3639 debug: user 12 deleted
2021-11-12 14:36:40:3640 debug: Status: 
2021-11-12 14:36:40:3640 debug: StatusText: 
2021-11-12 14:36:40:3640 debug: user 13 created
2021-11-12 14:36:41:3641 error: 404
2021-11-12 14:36:41:3641 error: Not Found
2021-11-12 14:36:41:3641 debug: 404
2021-11-12 14:36:41:3641 debug: Not Found
2021-11-12 14:36:42:3642 debug: Status: 
2021-11-12 14:36:42:3642 debug: StatusText: 
2021-11-12 14:36:42:3642 debug: user 13 deleted
2021-11-12 14:38:01:381 debug: Status: 201
2021-11-12 14:38:01:381 debug: StatusText: Created
2021-11-12 14:38:01:381 debug: user 14 created
2021-11-12 14:38:01:381 debug: 200
2021-11-12 14:38:01:381 debug: OK
2021-11-12 14:38:02:382 debug: Status: 200
2021-11-12 14:38:02:382 debug: StatusText: OK
2021-11-12 14:38:02:382 debug: user 14 deleted
2021-11-12 14:38:04:384 debug: Status: 201
2021-11-12 14:38:04:384 debug: StatusText: Created
2021-11-12 14:38:04:384 debug: user 15 created
2021-11-12 14:38:05:385 debug: 200
2021-11-12 14:38:05:385 debug: OK
2021-11-12 14:38:06:386 debug: Status: 200
2021-11-12 14:38:06:386 debug: StatusText: OK
2021-11-12 14:38:06:386 debug: user 15 deleted
2021-11-12 14:38:07:387 debug: Status: 201
2021-11-12 14:38:07:387 debug: StatusText: Created
2021-11-12 14:38:07:387 debug: user 16 created
2021-11-12 14:38:08:388 error: 404
2021-11-12 14:38:08:388 error: Not Found
2021-11-12 14:38:08:388 debug: 404
2021-11-12 14:38:08:388 debug: Not Found
2021-11-12 14:38:09:389 debug: Status: 200
2021-11-12 14:38:09:389 debug: StatusText: OK
2021-11-12 14:38:09:389 debug: user 16 deleted
2021-11-12 14:38:10:3810 debug: Status: 201
2021-11-12 14:38:10:3810 debug: StatusText: Created
2021-11-12 14:38:10:3810 debug: user 17 created
2021-11-12 14:38:11:3811 error: 404
2021-11-12 14:38:11:3811 error: Not Found
2021-11-12 14:38:11:3811 debug: 404
2021-11-12 14:38:11:3811 debug: Not Found
2021-11-12 14:38:12:3812 debug: Status: 200
2021-11-12 14:38:12:3812 debug: StatusText: OK
2021-11-12 14:38:12:3812 debug: user 17 deleted
2021-11-12 14:56:30:5630 debug: Status: 201
2021-11-12 14:56:30:5630 debug: StatusText: Created
2021-11-12 14:56:30:5630 debug: user 18 created
2021-11-12 14:56:31:5631 debug: 200
2021-11-12 14:56:31:5631 debug: OK
2021-11-12 14:56:32:5632 debug: Status: 200
2021-11-12 14:56:32:5632 debug: StatusText: OK
2021-11-12 14:56:32:5632 debug: user 18 deleted
2021-11-12 14:56:33:5633 debug: Status: 201
2021-11-12 14:56:33:5633 debug: StatusText: Created
2021-11-12 14:56:33:5633 debug: user 19 created
2021-11-12 14:56:34:5634 debug: 200
2021-11-12 14:56:34:5634 debug: OK
2021-11-12 14:56:35:5635 debug: Status: 200
2021-11-12 14:56:35:5635 debug: StatusText: OK
2021-11-12 14:56:35:5635 debug: user 19 deleted
2021-11-12 14:56:36:5636 debug: Status: 201
2021-11-12 14:56:36:5636 debug: StatusText: Created
2021-11-12 14:56:36:5636 debug: user 20 created
2021-11-12 14:56:37:5637 debug: 200
2021-11-12 14:56:37:5637 debug: OK
2021-11-12 14:56:38:5638 debug: Status: 200
2021-11-12 14:56:38:5638 debug: StatusText: OK
2021-11-12 14:56:38:5638 debug: user 20 deleted
2021-11-12 14:56:39:5639 debug: Status: 201
2021-11-12 14:56:39:5639 debug: StatusText: Created
2021-11-12 14:56:39:5639 debug: user 21 created
2021-11-12 14:56:40:5640 debug: 200
2021-11-12 14:56:40:5640 debug: OK
2021-11-12 14:56:41:5641 debug: Status: 200
2021-11-12 14:56:41:5641 debug: StatusText: OK
2021-11-12 14:56:41:5641 debug: user 21 deleted
2021-11-12 14:56:43:5643 debug: Status: 201
2021-11-12 14:56:43:5643 debug: StatusText: Created
2021-11-12 14:56:43:5643 debug: user 22 created
2021-11-12 14:56:44:5644 error: 404
2021-11-12 14:56:44:5644 error: Not Found
2021-11-12 14:56:44:5644 debug: 404
2021-11-12 14:56:44:5644 debug: Not Found
2021-11-12 14:56:45:5645 debug: Status: 200
2021-11-12 14:56:45:5645 debug: StatusText: OK
2021-11-12 14:56:45:5645 debug: user 22 deleted
2021-11-12 14:56:46:5646 debug: Status: 201
2021-11-12 14:56:46:5646 debug: StatusText: Created
2021-11-12 14:56:46:5646 debug: user 23 created
2021-11-12 14:56:47:5647 error: 404
2021-11-12 14:56:47:5647 error: Not Found
2021-11-12 14:56:47:5647 debug: 404
2021-11-12 14:56:47:5647 debug: Not Found
2021-11-12 14:56:48:5648 debug: Status: 200
2021-11-12 14:56:48:5648 debug: StatusText: OK
2021-11-12 14:56:48:5648 debug: user 23 deleted
2021-11-12 15:13:35:1335 debug: Status: 201
2021-11-12 15:13:35:1335 debug: StatusText: Created
2021-11-12 15:13:35:1335 debug: user 25 created
2021-11-12 15:13:36:1336 debug: 200
2021-11-12 15:13:36:1336 debug: OK
2021-11-12 15:13:37:1337 debug: Status: 200
2021-11-12 15:13:37:1337 debug: StatusText: OK
2021-11-12 15:13:37:1337 debug: user 25 deleted
2021-11-12 15:13:38:1338 debug: Status: 201
2021-11-12 15:13:38:1338 debug: StatusText: Created
2021-11-12 15:13:38:1338 debug: user 26 created
2021-11-12 15:13:39:1339 debug: 200
2021-11-12 15:13:39:1339 debug: OK
2021-11-12 15:13:40:1340 debug: Status: 200
2021-11-12 15:13:40:1340 debug: StatusText: OK
2021-11-12 15:13:40:1340 debug: user 26 deleted
2021-11-12 15:13:41:1341 debug: Status: 201
2021-11-12 15:13:41:1341 debug: StatusText: Created
2021-11-12 15:13:41:1341 debug: user 27 created
2021-11-12 15:13:43:1343 debug: 200
2021-11-12 15:13:43:1343 debug: OK
2021-11-12 15:13:44:1344 debug: Status: 200
2021-11-12 15:13:44:1344 debug: StatusText: OK
2021-11-12 15:13:44:1344 debug: user 27 deleted
2021-11-12 15:13:45:1345 debug: Status: 201
2021-11-12 15:13:45:1345 debug: StatusText: Created
2021-11-12 15:13:45:1345 debug: user 28 created
2021-11-12 15:13:46:1346 debug: 200
2021-11-12 15:13:46:1346 debug: OK
2021-11-12 15:13:47:1347 debug: Status: 200
2021-11-12 15:13:47:1347 debug: StatusText: OK
2021-11-12 15:13:47:1347 debug: user 28 deleted
2021-11-12 15:13:48:1348 debug: Status: 201
2021-11-12 15:13:48:1348 debug: StatusText: Created
2021-11-12 15:13:48:1348 debug: user 29 created
2021-11-12 15:13:50:1350 debug: Status: 200
2021-11-12 15:13:50:1350 debug: StatusText: OK
2021-11-12 15:13:50:1350 debug: user 29 deleted
2021-11-12 15:13:51:1351 debug: Status: 201
2021-11-12 15:13:51:1351 debug: StatusText: Created
2021-11-12 15:13:51:1351 debug: user 30 created
2021-11-12 15:13:53:1353 debug: Status: 200
2021-11-12 15:13:53:1353 debug: StatusText: OK
2021-11-12 15:13:53:1353 debug: user 30 deleted
2021-11-12 15:13:54:1354 debug: Status: 201
2021-11-12 15:13:54:1354 debug: StatusText: Created
2021-11-12 15:13:54:1354 debug: user 31 created
2021-11-12 15:13:55:1355 error: 404
2021-11-12 15:13:55:1355 error: Not Found
2021-11-12 15:13:55:1355 debug: 404
2021-11-12 15:13:55:1355 debug: Not Found
2021-11-12 15:13:56:1356 debug: Status: 200
2021-11-12 15:13:56:1356 debug: StatusText: OK
2021-11-12 15:13:56:1356 debug: user 31 deleted
2021-11-12 15:13:57:1357 debug: Status: 201
2021-11-12 15:13:57:1357 debug: StatusText: Created
2021-11-12 15:13:57:1357 debug: user 32 created
2021-11-12 15:13:58:1358 error: 404
2021-11-12 15:13:58:1358 error: Not Found
2021-11-12 15:13:58:1358 debug: 404
2021-11-12 15:13:58:1358 debug: Not Found
2021-11-12 15:13:59:1359 debug: Status: 200
2021-11-12 15:13:59:1359 debug: StatusText: OK
2021-11-12 15:13:59:1359 debug: user 32 deleted
2021-11-12 15:15:49:1549 debug: Status: 201
2021-11-12 15:15:49:1549 debug: StatusText: Created
2021-11-12 15:15:49:1549 debug: user 33 created
2021-11-12 15:15:50:1550 debug: 200
2021-11-12 15:15:50:1550 debug: OK
2021-11-12 15:15:51:1551 debug: Status: 200
2021-11-12 15:15:51:1551 debug: StatusText: OK
2021-11-12 15:15:51:1551 debug: user 33 deleted
2021-11-12 15:15:52:1552 debug: Status: 201
2021-11-12 15:15:52:1552 debug: StatusText: Created
2021-11-12 15:15:52:1552 debug: user 34 created
2021-11-12 15:15:53:1553 debug: 200
2021-11-12 15:15:53:1553 debug: OK
2021-11-12 15:15:54:1554 debug: Status: 200
2021-11-12 15:15:54:1554 debug: StatusText: OK
2021-11-12 15:15:54:1554 debug: user 34 deleted
2021-11-12 15:15:56:1556 debug: Status: 201
2021-11-12 15:15:56:1556 debug: StatusText: Created
2021-11-12 15:15:56:1556 debug: user 35 created
2021-11-12 15:15:57:1557 debug: Status: 200
2021-11-12 15:15:57:1557 debug: StatusText: OK
2021-11-12 15:15:57:1557 debug: user 35 deleted
2021-11-12 15:15:58:1558 debug: Status: 201
2021-11-12 15:15:58:1558 debug: StatusText: Created
2021-11-12 15:15:58:1558 debug: user 36 created
2021-11-12 15:15:59:1559 debug: 200
2021-11-12 15:15:59:1559 debug: OK
2021-11-12 15:16:00:160 debug: Status: 200
2021-11-12 15:16:00:160 debug: StatusText: OK
2021-11-12 15:16:00:160 debug: user 36 deleted
2021-11-12 15:16:01:161 debug: Status: 201
2021-11-12 15:16:01:161 debug: StatusText: Created
2021-11-12 15:16:01:161 debug: user 37 created
2021-11-12 15:16:02:162 debug: 200
2021-11-12 15:16:02:162 debug: OK
2021-11-12 15:16:03:163 debug: Status: 200
2021-11-12 15:16:03:163 debug: StatusText: OK
2021-11-12 15:16:03:163 debug: user 37 deleted
2021-11-12 15:16:05:165 debug: Status: 201
2021-11-12 15:16:05:165 debug: StatusText: Created
2021-11-12 15:16:05:165 debug: user 38 created
2021-11-12 15:16:07:167 debug: Status: 200
2021-11-12 15:16:07:167 debug: StatusText: OK
2021-11-12 15:16:07:167 debug: user 38 deleted
2021-11-12 15:16:08:168 debug: Status: 201
2021-11-12 15:16:08:168 debug: StatusText: Created
2021-11-12 15:16:08:168 debug: user 39 created
2021-11-12 15:16:10:1610 debug: Status: 200
2021-11-12 15:16:10:1610 debug: StatusText: OK
2021-11-12 15:16:10:1610 debug: user 39 deleted
2021-11-12 15:16:11:1611 debug: Status: 201
2021-11-12 15:16:11:1611 debug: StatusText: Created
2021-11-12 15:16:11:1611 debug: user 40 created
2021-11-12 15:16:12:1612 error: 404
2021-11-12 15:16:12:1612 error: Not Found
2021-11-12 15:16:12:1612 debug: 404
2021-11-12 15:16:12:1612 debug: Not Found
2021-11-12 15:16:13:1613 debug: Status: 200
2021-11-12 15:16:13:1613 debug: StatusText: OK
2021-11-12 15:16:13:1613 debug: user 40 deleted
2021-11-12 15:16:14:1614 debug: Status: 201
2021-11-12 15:16:14:1614 debug: StatusText: Created
2021-11-12 15:16:14:1614 debug: user 41 created
2021-11-12 15:16:16:1616 error: 404
2021-11-12 15:16:16:1616 error: Not Found
2021-11-12 15:16:16:1616 debug: 404
2021-11-12 15:16:16:1616 debug: Not Found
2021-11-12 15:16:16:1616 debug: Status: 200
2021-11-12 15:16:16:1616 debug: StatusText: OK
2021-11-12 15:16:16:1616 debug: user 41 deleted
2021-11-12 15:23:32:2332 debug: Status: 201
2021-11-12 15:23:32:2332 debug: StatusText: Created
2021-11-12 15:23:32:2332 debug: user 42 created
2021-11-12 15:23:33:2333 debug: 200
2021-11-12 15:23:33:2333 debug: OK
2021-11-12 15:23:34:2334 debug: Status: 200
2021-11-12 15:23:34:2334 debug: StatusText: OK
2021-11-12 15:23:34:2334 debug: user 42 deleted
2021-11-12 15:23:35:2335 debug: Status: 201
2021-11-12 15:23:35:2335 debug: StatusText: Created
2021-11-12 15:23:35:2335 debug: user 43 created
2021-11-12 15:23:36:2336 debug: 200
2021-11-12 15:23:36:2336 debug: OK
2021-11-12 15:23:37:2337 debug: Status: 200
2021-11-12 15:23:37:2337 debug: StatusText: OK
2021-11-12 15:23:37:2337 debug: user 43 deleted
2021-11-12 15:23:38:2338 debug: Status: 201
2021-11-12 15:23:38:2338 debug: StatusText: Created
2021-11-12 15:23:38:2338 debug: user 44 created
2021-11-12 15:23:39:2339 debug: 200
2021-11-12 15:23:39:2339 debug: OK
2021-11-12 15:23:40:2340 debug: Status: 200
2021-11-12 15:23:40:2340 debug: StatusText: OK
2021-11-12 15:23:40:2340 debug: user 44 deleted
2021-11-12 15:23:41:2341 debug: Status: 201
2021-11-12 15:23:41:2341 debug: StatusText: Created
2021-11-12 15:23:41:2341 debug: user 45 created
2021-11-12 15:23:42:2342 debug: 200
2021-11-12 15:23:42:2342 debug: OK
2021-11-12 15:23:43:2343 debug: Status: 200
2021-11-12 15:23:43:2343 debug: StatusText: OK
2021-11-12 15:23:43:2343 debug: user 45 deleted
2021-11-12 15:23:45:2345 debug: Status: 201
2021-11-12 15:23:45:2345 debug: StatusText: Created
2021-11-12 15:23:45:2345 debug: user 46 created
2021-11-12 15:23:46:2346 debug: 200
2021-11-12 15:23:46:2346 debug: OK
2021-11-12 15:23:47:2347 debug: Status: 200
2021-11-12 15:23:47:2347 debug: StatusText: OK
2021-11-12 15:23:47:2347 debug: user 46 deleted
2021-11-12 15:23:48:2348 debug: Status: 201
2021-11-12 15:23:48:2348 debug: StatusText: Created
2021-11-12 15:23:48:2348 debug: user 47 created
2021-11-12 15:23:49:2349 debug: 200
2021-11-12 15:23:49:2349 debug: OK
2021-11-12 15:23:50:2350 debug: Status: 200
2021-11-12 15:23:50:2350 debug: StatusText: OK
2021-11-12 15:23:50:2350 debug: user 47 deleted
2021-11-12 15:23:51:2351 debug: Status: 201
2021-11-12 15:23:51:2351 debug: StatusText: Created
2021-11-12 15:23:51:2351 debug: user 48 created
2021-11-12 15:23:52:2352 debug: 200
2021-11-12 15:23:52:2352 debug: OK
2021-11-12 15:23:53:2353 debug: Status: 200
2021-11-12 15:23:53:2353 debug: StatusText: OK
2021-11-12 15:23:53:2353 debug: user 48 deleted
2021-11-12 15:23:54:2354 debug: Status: 201
2021-11-12 15:23:54:2354 debug: StatusText: Created
2021-11-12 15:23:54:2354 debug: user 49 created
2021-11-12 15:23:56:2356 debug: Status: 200
2021-11-12 15:23:56:2356 debug: StatusText: OK
2021-11-12 15:23:56:2356 debug: user 49 deleted
2021-11-12 15:23:57:2357 debug: Status: 201
2021-11-12 15:23:57:2357 debug: StatusText: Created
2021-11-12 15:23:57:2357 debug: user 50 created
2021-11-12 15:23:59:2359 debug: Status: 200
2021-11-12 15:23:59:2359 debug: StatusText: OK
2021-11-12 15:23:59:2359 debug: user 50 deleted
2021-11-12 15:24:00:240 debug: Status: 201
2021-11-12 15:24:00:240 debug: StatusText: Created
2021-11-12 15:24:00:240 debug: user 51 created
2021-11-12 15:24:01:241 error: 404
2021-11-12 15:24:01:241 error: Not Found
2021-11-12 15:24:01:241 debug: 404
2021-11-12 15:24:01:241 debug: Not Found
2021-11-12 15:24:02:242 debug: Status: 200
2021-11-12 15:24:02:242 debug: StatusText: OK
2021-11-12 15:24:02:242 debug: user 51 deleted
2021-11-12 15:24:03:243 debug: Status: 201
2021-11-12 15:24:03:243 debug: StatusText: Created
2021-11-12 15:24:03:243 debug: user 52 created
2021-11-12 15:24:04:244 error: 404
2021-11-12 15:24:04:244 error: Not Found
2021-11-12 15:24:04:244 debug: 404
2021-11-12 15:24:04:244 debug: Not Found
2021-11-12 15:24:05:245 debug: Status: 200
2021-11-12 15:24:05:245 debug: StatusText: OK
2021-11-12 15:24:05:245 debug: user 52 deleted
2021-11-12 15:25:40:2540 debug: Status: 201
2021-11-12 15:25:40:2540 debug: StatusText: Created
2021-11-12 15:25:40:2540 debug: user 53 created
2021-11-12 15:25:41:2541 debug: 200
2021-11-12 15:25:41:2541 debug: OK
2021-11-12 15:25:42:2542 debug: Status: 200
2021-11-12 15:25:42:2542 debug: StatusText: OK
2021-11-12 15:25:42:2542 debug: user 53 deleted
2021-11-12 15:25:43:2543 debug: Status: 201
2021-11-12 15:25:43:2543 debug: StatusText: Created
2021-11-12 15:25:43:2543 debug: user 54 created
2021-11-12 15:25:44:2544 debug: 200
2021-11-12 15:25:44:2544 debug: OK
2021-11-12 15:25:45:2545 debug: Status: 200
2021-11-12 15:25:45:2545 debug: StatusText: OK
2021-11-12 15:25:45:2545 debug: user 54 deleted
2021-11-12 15:25:46:2546 debug: Status: 201
2021-11-12 15:25:46:2546 debug: StatusText: Created
2021-11-12 15:25:46:2546 debug: user 55 created
2021-11-12 15:25:48:2548 debug: 200
2021-11-12 15:25:48:2548 debug: OK
2021-11-12 15:25:49:2549 debug: Status: 200
2021-11-12 15:25:49:2549 debug: StatusText: OK
2021-11-12 15:25:49:2549 debug: user 55 deleted
2021-11-12 15:25:50:2550 debug: Status: 201
2021-11-12 15:25:50:2550 debug: StatusText: Created
2021-11-12 15:25:50:2550 debug: user 56 created
2021-11-12 15:25:51:2551 debug: 200
2021-11-12 15:25:51:2551 debug: OK
2021-11-12 15:25:52:2552 debug: Status: 200
2021-11-12 15:25:52:2552 debug: StatusText: OK
2021-11-12 15:25:52:2552 debug: user 56 deleted
2021-11-12 15:25:53:2553 debug: Status: 201
2021-11-12 15:25:53:2553 debug: StatusText: Created
2021-11-12 15:25:53:2553 debug: user 57 created
2021-11-12 15:25:54:2554 debug: 200
2021-11-12 15:25:54:2554 debug: OK
2021-11-12 15:25:55:2555 debug: Status: 200
2021-11-12 15:25:55:2555 debug: StatusText: OK
2021-11-12 15:25:55:2555 debug: user 57 deleted
2021-11-12 15:25:56:2556 debug: Status: 201
2021-11-12 15:25:56:2556 debug: StatusText: Created
2021-11-12 15:25:56:2556 debug: user 58 created
2021-11-12 15:25:58:2558 debug: 200
2021-11-12 15:25:58:2558 debug: OK
2021-11-12 15:25:59:2559 debug: Status: 200
2021-11-12 15:25:59:2559 debug: StatusText: OK
2021-11-12 15:25:59:2559 debug: user 58 deleted
2021-11-12 15:26:00:260 debug: Status: 201
2021-11-12 15:26:00:260 debug: StatusText: Created
2021-11-12 15:26:00:260 debug: user 59 created
2021-11-12 15:26:01:261 debug: 200
2021-11-12 15:26:01:261 debug: OK
2021-11-12 15:26:02:262 debug: Status: 200
2021-11-12 15:26:02:262 debug: StatusText: OK
2021-11-12 15:26:02:262 debug: user 59 deleted
2021-11-12 15:26:03:263 debug: Status: 201
2021-11-12 15:26:03:263 debug: StatusText: Created
2021-11-12 15:26:03:263 debug: user 60 created
2021-11-12 15:26:05:265 debug: Status: 200
2021-11-12 15:26:05:265 debug: StatusText: OK
2021-11-12 15:26:05:265 debug: user 60 deleted
2021-11-12 15:26:06:266 debug: Status: 201
2021-11-12 15:26:06:266 debug: StatusText: Created
2021-11-12 15:26:06:266 debug: user 61 created
2021-11-12 15:26:08:268 debug: Status: 200
2021-11-12 15:26:08:268 debug: StatusText: OK
2021-11-12 15:26:08:268 debug: user 61 deleted
2021-11-12 15:26:09:269 debug: Status: 201
2021-11-12 15:26:09:269 debug: StatusText: Created
2021-11-12 15:26:09:269 debug: user 62 created
2021-11-12 15:26:10:2610 error: 404
2021-11-12 15:26:10:2610 error: Not Found
2021-11-12 15:26:10:2610 debug: 404
2021-11-12 15:26:10:2610 debug: Not Found
2021-11-12 15:26:11:2611 debug: Status: 200
2021-11-12 15:26:11:2611 debug: StatusText: OK
2021-11-12 15:26:11:2611 debug: user 62 deleted
2021-11-12 15:26:12:2612 debug: Status: 201
2021-11-12 15:26:12:2612 debug: StatusText: Created
2021-11-12 15:26:12:2612 debug: user 63 created
2021-11-12 15:26:13:2613 error: 404
2021-11-12 15:26:13:2613 error: Not Found
2021-11-12 15:26:13:2613 debug: 404
2021-11-12 15:26:13:2613 debug: Not Found
2021-11-12 15:26:14:2614 debug: Status: 200
2021-11-12 15:26:14:2614 debug: StatusText: OK
2021-11-12 15:26:14:2614 debug: user 63 deleted
2021-11-12 15:26:15:2615 debug: Status: 201
2021-11-12 15:26:15:2615 debug: StatusText: Created
2021-11-12 15:26:15:2615 debug: user 64 created
2021-11-12 15:26:16:2616 error: 404
2021-11-12 15:26:16:2616 error: Not Found
2021-11-12 15:26:16:2616 debug: 404
2021-11-12 15:26:16:2616 debug: Not Found
2021-11-12 15:26:17:2617 debug: Status: 200
2021-11-12 15:26:17:2617 debug: StatusText: OK
2021-11-12 15:26:17:2617 debug: user 64 deleted
2021-11-12 15:26:18:2618 debug: Status: 201
2021-11-12 15:26:18:2618 debug: StatusText: Created
2021-11-12 15:26:18:2618 debug: user 65 created
2021-11-12 15:26:19:2619 error: 404
2021-11-12 15:26:19:2619 error: Not Found
2021-11-12 15:26:19:2619 debug: 404
2021-11-12 15:26:19:2619 debug: Not Found
2021-11-12 15:26:20:2620 debug: Status: 200
2021-11-12 15:26:20:2620 debug: StatusText: OK
2021-11-12 15:26:20:2620 debug: user 65 deleted
2021-11-12 15:26:21:2621 debug: Status: 201
2021-11-12 15:26:21:2621 debug: StatusText: Created
2021-11-12 15:26:21:2621 debug: user 66 created
2021-11-12 15:26:22:2622 error: 404
2021-11-12 15:26:22:2622 error: Not Found
2021-11-12 15:26:22:2622 debug: 404
2021-11-12 15:26:22:2622 debug: Not Found
2021-11-12 15:26:23:2623 debug: Status: 200
2021-11-12 15:26:23:2623 debug: StatusText: OK
2021-11-12 15:26:23:2623 debug: user 66 deleted
2021-11-12 15:26:42:2642 debug: Status: 201
2021-11-12 15:26:42:2642 debug: StatusText: Created
2021-11-12 15:26:42:2642 debug: user 67 created
2021-11-12 15:26:43:2643 debug: 200
2021-11-12 15:26:43:2643 debug: OK
2021-11-12 15:26:44:2644 debug: Status: 200
2021-11-12 15:26:44:2644 debug: StatusText: OK
2021-11-12 15:26:44:2644 debug: user 67 deleted
2021-11-12 15:26:45:2645 debug: Status: 201
2021-11-12 15:26:45:2645 debug: StatusText: Created
2021-11-12 15:26:45:2645 debug: user 68 created
2021-11-12 15:26:46:2646 debug: 200
2021-11-12 15:26:46:2646 debug: OK
2021-11-12 15:26:47:2647 debug: Status: 200
2021-11-12 15:26:47:2647 debug: StatusText: OK
2021-11-12 15:26:47:2647 debug: user 68 deleted
2021-11-12 15:26:49:2649 debug: Status: 201
2021-11-12 15:26:49:2649 debug: StatusText: Created
2021-11-12 15:26:49:2649 debug: user 69 created
2021-11-12 15:26:50:2650 debug: 200
2021-11-12 15:26:50:2650 debug: OK
2021-11-12 15:26:51:2651 debug: Status: 200
2021-11-12 15:26:51:2651 debug: StatusText: OK
2021-11-12 15:26:51:2651 debug: user 69 deleted
2021-11-12 15:26:52:2652 debug: Status: 201
2021-11-12 15:26:52:2652 debug: StatusText: Created
2021-11-12 15:26:52:2652 debug: user 70 created
2021-11-12 15:26:54:2654 debug: 200
2021-11-12 15:26:54:2654 debug: OK
2021-11-12 15:26:55:2655 debug: Status: 200
2021-11-12 15:26:55:2655 debug: StatusText: OK
2021-11-12 15:26:55:2655 debug: user 70 deleted
2021-11-12 15:26:56:2656 debug: Status: 201
2021-11-12 15:26:56:2656 debug: StatusText: Created
2021-11-12 15:26:56:2656 debug: user 71 created
2021-11-12 15:26:57:2657 debug: 200
2021-11-12 15:26:57:2657 debug: OK
2021-11-12 15:26:58:2658 debug: Status: 200
2021-11-12 15:26:58:2658 debug: StatusText: OK
2021-11-12 15:26:58:2658 debug: user 71 deleted
2021-11-12 15:27:00:270 debug: Status: 201
2021-11-12 15:27:00:270 debug: StatusText: Created
2021-11-12 15:27:00:270 debug: user 72 created
2021-11-12 15:27:01:271 debug: 200
2021-11-12 15:27:01:271 debug: OK
2021-11-12 15:27:02:272 debug: Status: 200
2021-11-12 15:27:02:272 debug: StatusText: OK
2021-11-12 15:27:02:272 debug: user 72 deleted
2021-11-12 15:27:03:273 debug: Status: 201
2021-11-12 15:27:03:273 debug: StatusText: Created
2021-11-12 15:27:03:273 debug: user 73 created
2021-11-12 15:27:04:274 debug: 200
2021-11-12 15:27:04:274 debug: OK
2021-11-12 15:27:05:275 debug: Status: 200
2021-11-12 15:27:05:275 debug: StatusText: OK
2021-11-12 15:27:05:275 debug: user 73 deleted
2021-11-12 15:27:07:277 debug: Status: 201
2021-11-12 15:27:07:277 debug: StatusText: Created
2021-11-12 15:27:07:277 debug: user 74 created
2021-11-12 15:27:09:279 debug: Status: 200
2021-11-12 15:27:09:279 debug: StatusText: OK
2021-11-12 15:27:09:279 debug: user 74 deleted
2021-11-12 15:27:10:2710 debug: Status: 201
2021-11-12 15:27:10:2710 debug: StatusText: Created
2021-11-12 15:27:10:2710 debug: user 75 created
2021-11-12 15:27:13:2713 debug: Status: 200
2021-11-12 15:27:13:2713 debug: StatusText: OK
2021-11-12 15:27:13:2713 debug: user 75 deleted
2021-11-12 15:27:14:2714 debug: Status: 201
2021-11-12 15:27:14:2714 debug: StatusText: Created
2021-11-12 15:27:14:2714 debug: user 76 created
2021-11-12 15:27:15:2715 error: 404
2021-11-12 15:27:15:2715 error: Not Found
2021-11-12 15:27:15:2715 debug: 404
2021-11-12 15:27:15:2715 debug: Not Found
2021-11-12 15:27:16:2716 debug: Status: 200
2021-11-12 15:27:16:2716 debug: StatusText: OK
2021-11-12 15:27:16:2716 debug: user 76 deleted
2021-11-12 15:27:18:2718 debug: Status: 201
2021-11-12 15:27:18:2718 debug: StatusText: Created
2021-11-12 15:27:18:2718 debug: user 77 created
2021-11-12 15:27:18:2718 error: 404
2021-11-12 15:27:18:2718 error: Not Found
2021-11-12 15:27:18:2718 debug: 404
2021-11-12 15:27:18:2718 debug: Not Found
2021-11-12 15:27:20:2720 debug: Status: 200
2021-11-12 15:27:20:2720 debug: StatusText: OK
2021-11-12 15:27:20:2720 debug: user 77 deleted
2021-11-12 15:27:21:2721 debug: Status: 201
2021-11-12 15:27:21:2721 debug: StatusText: Created
2021-11-12 15:27:21:2721 debug: user 78 created
2021-11-12 15:27:22:2722 error: 404
2021-11-12 15:27:22:2722 error: Not Found
2021-11-12 15:27:22:2722 debug: 404
2021-11-12 15:27:22:2722 debug: Not Found
2021-11-12 15:27:23:2723 debug: Status: 200
2021-11-12 15:27:23:2723 debug: StatusText: OK
2021-11-12 15:27:23:2723 debug: user 78 deleted
2021-11-12 15:27:24:2724 debug: Status: 201
2021-11-12 15:27:24:2724 debug: StatusText: Created
2021-11-12 15:27:24:2724 debug: user 79 created
2021-11-12 15:27:25:2725 error: 404
2021-11-12 15:27:25:2725 error: Not Found
2021-11-12 15:27:25:2725 debug: 404
2021-11-12 15:27:25:2725 debug: Not Found
2021-11-12 15:27:26:2726 debug: Status: 200
2021-11-12 15:27:26:2726 debug: StatusText: OK
2021-11-12 15:27:26:2726 debug: user 79 deleted
2021-11-12 15:27:27:2727 debug: Status: 201
2021-11-12 15:27:27:2727 debug: StatusText: Created
2021-11-12 15:27:27:2727 debug: user 80 created
2021-11-12 15:27:28:2728 error: 404
2021-11-12 15:27:28:2728 error: Not Found
2021-11-12 15:27:28:2728 debug: 404
2021-11-12 15:27:28:2728 debug: Not Found
2021-11-12 15:27:29:2729 debug: Status: 200
2021-11-12 15:27:29:2729 debug: StatusText: OK
2021-11-12 15:27:29:2729 debug: user 80 deleted
2021-11-12 16:24:22:2422 debug: Status: 201
2021-11-12 16:24:22:2422 debug: StatusText: Created
2021-11-12 16:24:22:2422 debug: user 150 created
2021-11-12 16:24:23:2423 debug: 200
2021-11-12 16:24:23:2423 debug: OK
2021-11-12 16:24:24:2424 debug: Status: 200
2021-11-12 16:24:24:2424 debug: StatusText: OK
2021-11-12 16:24:24:2424 debug: user 150 deleted
2021-11-12 16:31:40:3140 error: Status: 500
2021-11-12 16:31:40:3140 error: Error Code: existing_user_login
2021-11-12 16:31:42:3142 error: Status: 500
2021-11-12 16:31:42:3142 error: Error Code: existing_user_login
2021-11-12 16:31:44:3144 error: Status: 500
2021-11-12 16:31:44:3144 error: Error Code: existing_user_login
2021-11-12 16:39:17:3917 debug: Status: 201
2021-11-12 16:39:17:3917 debug: StatusText: Created
2021-11-12 16:39:17:3917 debug: user 152 created
2021-11-12 16:39:19:3919 debug: 200
2021-11-12 16:39:19:3919 debug: OK
2021-11-12 16:39:20:3920 debug: Status: 200
2021-11-12 16:39:20:3920 debug: StatusText: OK
2021-11-12 16:39:20:3920 debug: user 152 deleted
2021-11-12 16:39:22:3922 debug: Status: 201
2021-11-12 16:39:22:3922 debug: StatusText: Created
2021-11-12 16:39:22:3922 debug: user 153 created
2021-11-12 16:39:23:3923 debug: 200
2021-11-12 16:39:23:3923 debug: OK
2021-11-12 16:39:24:3924 debug: Status: 200
2021-11-12 16:39:24:3924 debug: StatusText: OK
2021-11-12 16:39:24:3924 debug: user 153 deleted
2021-11-12 16:39:26:3926 debug: Status: 201
2021-11-12 16:39:26:3926 debug: StatusText: Created
2021-11-12 16:39:26:3926 debug: user 154 created
2021-11-12 16:39:27:3927 debug: 200
2021-11-12 16:39:27:3927 debug: OK
2021-11-12 16:39:29:3929 debug: Status: 200
2021-11-12 16:39:29:3929 debug: StatusText: OK
2021-11-12 16:39:29:3929 debug: user 154 deleted
2021-11-12 16:39:30:3930 debug: Status: 201
2021-11-12 16:39:30:3930 debug: StatusText: Created
2021-11-12 16:39:30:3930 debug: user 155 created
2021-11-12 16:39:31:3931 debug: 200
2021-11-12 16:39:31:3931 debug: OK
2021-11-12 16:39:33:3933 debug: Status: 200
2021-11-12 16:39:33:3933 debug: StatusText: OK
2021-11-12 16:39:33:3933 debug: user 155 deleted
2021-11-12 16:39:34:3934 debug: Status: 201
2021-11-12 16:39:34:3934 debug: StatusText: Created
2021-11-12 16:39:34:3934 debug: user 156 created
2021-11-12 16:39:35:3935 debug: 200
2021-11-12 16:39:35:3935 debug: OK
2021-11-12 16:39:36:3936 debug: Status: 200
2021-11-12 16:39:36:3936 debug: StatusText: OK
2021-11-12 16:39:36:3936 debug: user 156 deleted
2021-11-12 16:39:37:3937 debug: Status: 201
2021-11-12 16:39:37:3937 debug: StatusText: Created
2021-11-12 16:39:37:3937 debug: user 157 created
2021-11-12 16:39:38:3938 debug: 200
2021-11-12 16:39:38:3938 debug: OK
2021-11-12 16:39:39:3939 debug: Status: 200
2021-11-12 16:39:39:3939 debug: StatusText: OK
2021-11-12 16:39:39:3939 debug: user 157 deleted
2021-11-12 16:39:41:3941 debug: Status: 201
2021-11-12 16:39:41:3941 debug: StatusText: Created
2021-11-12 16:39:41:3941 debug: user 158 created
2021-11-12 16:39:42:3942 debug: 200
2021-11-12 16:39:42:3942 debug: OK
2021-11-12 16:39:43:3943 debug: Status: 200
2021-11-12 16:39:43:3943 debug: StatusText: OK
2021-11-12 16:39:43:3943 debug: user 158 deleted
2021-11-12 16:39:45:3945 debug: Status: 201
2021-11-12 16:39:45:3945 debug: StatusText: Created
2021-11-12 16:39:45:3945 debug: user 159 created
2021-11-12 16:39:47:3947 debug: Status: 200
2021-11-12 16:39:47:3947 debug: StatusText: OK
2021-11-12 16:39:47:3947 debug: user 159 deleted
2021-11-12 16:39:49:3949 debug: Status: 201
2021-11-12 16:39:49:3949 debug: StatusText: Created
2021-11-12 16:39:49:3949 debug: user 160 created
2021-11-12 16:39:52:3952 debug: Status: 200
2021-11-12 16:39:52:3952 debug: StatusText: OK
2021-11-12 16:39:52:3952 debug: user 160 deleted
2021-11-12 16:39:54:3954 debug: Status: 201
2021-11-12 16:39:54:3954 debug: StatusText: Created
2021-11-12 16:39:54:3954 debug: user 161 created
2021-11-12 16:39:55:3955 error: 404
2021-11-12 16:39:55:3955 error: Not Found
2021-11-12 16:39:55:3955 debug: 404
2021-11-12 16:39:55:3955 debug: Not Found
2021-11-12 16:39:56:3956 debug: Status: 200
2021-11-12 16:39:56:3956 debug: StatusText: OK
2021-11-12 16:39:56:3956 debug: user 161 deleted
2021-11-12 16:39:58:3958 debug: Status: 201
2021-11-12 16:39:58:3958 debug: StatusText: Created
2021-11-12 16:39:58:3958 debug: user 162 created
2021-11-12 16:39:59:3959 error: 404
2021-11-12 16:39:59:3959 error: Not Found
2021-11-12 16:39:59:3959 debug: 404
2021-11-12 16:39:59:3959 debug: Not Found
2021-11-12 16:40:01:401 debug: Status: 200
2021-11-12 16:40:01:401 debug: StatusText: OK
2021-11-12 16:40:01:401 debug: user 162 deleted
2021-11-12 16:40:03:403 debug: Status: 201
2021-11-12 16:40:03:403 debug: StatusText: Created
2021-11-12 16:40:03:403 debug: user 163 created
2021-11-12 16:40:04:404 error: 404
2021-11-12 16:40:04:404 error: Not Found
2021-11-12 16:40:04:404 debug: 404
2021-11-12 16:40:04:404 debug: Not Found
2021-11-12 16:40:06:406 debug: Status: 200
2021-11-12 16:40:06:406 debug: StatusText: OK
2021-11-12 16:40:06:406 debug: user 163 deleted
2021-11-12 16:40:08:408 debug: Status: 201
2021-11-12 16:40:08:408 debug: StatusText: Created
2021-11-12 16:40:08:408 debug: user 164 created
2021-11-12 16:40:09:409 error: 404
2021-11-12 16:40:09:409 error: Not Found
2021-11-12 16:40:09:409 debug: 404
2021-11-12 16:40:09:409 debug: Not Found
2021-11-12 16:40:11:4011 debug: Status: 200
2021-11-12 16:40:11:4011 debug: StatusText: OK
2021-11-12 16:40:11:4011 debug: user 164 deleted
2021-11-12 16:40:12:4012 debug: Status: 201
2021-11-12 16:40:12:4012 debug: StatusText: Created
2021-11-12 16:40:12:4012 debug: user 165 created
2021-11-12 16:40:13:4013 error: 404
2021-11-12 16:40:13:4013 error: Not Found
2021-11-12 16:40:13:4013 debug: 404
2021-11-12 16:40:13:4013 debug: Not Found
2021-11-12 16:40:15:4015 debug: Status: 200
2021-11-12 16:40:15:4015 debug: StatusText: OK
2021-11-12 16:40:15:4015 debug: user 165 deleted
2021-11-12 16:53:39:5339 debug: Status: 201
2021-11-12 16:53:39:5339 debug: StatusText: Created
2021-11-12 16:53:39:5339 debug: user 166 created
2021-11-12 16:53:40:5340 debug: 200
2021-11-12 16:53:40:5340 debug: OK
2021-11-12 16:53:41:5341 debug: Status: 200
2021-11-12 16:53:41:5341 debug: StatusText: OK
2021-11-12 16:53:41:5341 debug: user 166 deleted
2021-11-12 16:53:43:5343 debug: Status: 201
2021-11-12 16:53:43:5343 debug: StatusText: Created
2021-11-12 16:53:43:5343 debug: user 167 created
2021-11-12 16:53:44:5344 debug: 200
2021-11-12 16:53:44:5344 debug: OK
2021-11-12 16:53:45:5345 debug: Status: 200
2021-11-12 16:53:45:5345 debug: StatusText: OK
2021-11-12 16:53:45:5345 debug: user 167 deleted
2021-11-12 16:53:46:5346 debug: Status: 201
2021-11-12 16:53:46:5346 debug: StatusText: Created
2021-11-12 16:53:46:5346 debug: user 168 created
2021-11-12 16:53:47:5347 debug: 200
2021-11-12 16:53:47:5347 debug: OK
2021-11-12 16:53:49:5349 debug: Status: 200
2021-11-12 16:53:49:5349 debug: StatusText: OK
2021-11-12 16:53:49:5349 debug: user 168 deleted
2021-11-12 16:53:51:5351 debug: Status: 201
2021-11-12 16:53:51:5351 debug: StatusText: Created
2021-11-12 16:53:51:5351 debug: user 169 created
2021-11-12 16:53:52:5352 debug: 200
2021-11-12 16:53:52:5352 debug: OK
2021-11-12 16:53:53:5353 debug: Status: 200
2021-11-12 16:53:53:5353 debug: StatusText: OK
2021-11-12 16:53:53:5353 debug: user 169 deleted
2021-11-12 16:53:55:5355 debug: Status: 201
2021-11-12 16:53:55:5355 debug: StatusText: Created
2021-11-12 16:53:55:5355 debug: user 170 created
2021-11-12 16:53:56:5356 debug: 200
2021-11-12 16:53:56:5356 debug: OK
2021-11-12 16:53:57:5357 debug: Status: 200
2021-11-12 16:53:57:5357 debug: StatusText: OK
2021-11-12 16:53:57:5357 debug: user 170 deleted
2021-11-12 16:53:58:5358 debug: Status: 201
2021-11-12 16:53:58:5358 debug: StatusText: Created
2021-11-12 16:53:58:5358 debug: user 171 created
2021-11-12 16:53:59:5359 debug: 200
2021-11-12 16:53:59:5359 debug: OK
2021-11-12 16:54:01:541 debug: Status: 200
2021-11-12 16:54:01:541 debug: StatusText: OK
2021-11-12 16:54:01:541 debug: user 171 deleted
2021-11-12 16:54:02:542 debug: Status: 201
2021-11-12 16:54:02:542 debug: StatusText: Created
2021-11-12 16:54:02:542 debug: user 172 created
2021-11-12 16:54:03:543 debug: 200
2021-11-12 16:54:03:543 debug: OK
2021-11-12 16:54:04:544 debug: Status: 200
2021-11-12 16:54:04:544 debug: StatusText: OK
2021-11-12 16:54:04:544 debug: user 172 deleted
2021-11-12 16:54:05:545 debug: Status: 201
2021-11-12 16:54:05:545 debug: StatusText: Created
2021-11-12 16:54:05:545 debug: user 173 created
2021-11-12 16:54:08:548 debug: Status: 200
2021-11-12 16:54:08:548 debug: StatusText: OK
2021-11-12 16:54:08:548 debug: user 173 deleted
2021-11-12 16:54:10:5410 debug: Status: 201
2021-11-12 16:54:10:5410 debug: StatusText: Created
2021-11-12 16:54:10:5410 debug: user 174 created
2021-11-12 16:54:12:5412 debug: Status: 200
2021-11-12 16:54:12:5412 debug: StatusText: OK
2021-11-12 16:54:12:5412 debug: user 174 deleted
2021-11-12 16:54:13:5413 debug: Status: 201
2021-11-12 16:54:13:5413 debug: StatusText: Created
2021-11-12 16:54:13:5413 debug: user 175 created
2021-11-12 16:54:14:5414 error: 404
2021-11-12 16:54:14:5414 error: Not Found
2021-11-12 16:54:14:5414 debug: 404
2021-11-12 16:54:14:5414 debug: Not Found
2021-11-12 16:54:16:5416 debug: Status: 200
2021-11-12 16:54:16:5416 debug: StatusText: OK
2021-11-12 16:54:16:5416 debug: user 175 deleted
2021-11-12 16:54:17:5417 debug: Status: 201
2021-11-12 16:54:17:5417 debug: StatusText: Created
2021-11-12 16:54:17:5417 debug: user 176 created
2021-11-12 16:54:18:5418 error: 404
2021-11-12 16:54:18:5418 error: Not Found
2021-11-12 16:54:18:5418 debug: 404
2021-11-12 16:54:18:5418 debug: Not Found
2021-11-12 16:54:19:5419 debug: Status: 200
2021-11-12 16:54:19:5419 debug: StatusText: OK
2021-11-12 16:54:19:5419 debug: user 176 deleted
2021-11-12 16:54:20:5420 debug: Status: 201
2021-11-12 16:54:20:5420 debug: StatusText: Created
2021-11-12 16:54:20:5420 debug: user 177 created
2021-11-12 16:54:21:5421 error: 404
2021-11-12 16:54:21:5421 error: Not Found
2021-11-12 16:54:21:5421 debug: 404
2021-11-12 16:54:21:5421 debug: Not Found
2021-11-12 16:54:22:5422 debug: Status: 200
2021-11-12 16:54:22:5422 debug: StatusText: OK
2021-11-12 16:54:22:5422 debug: user 177 deleted
2021-11-12 16:54:24:5424 debug: Status: 201
2021-11-12 16:54:24:5424 debug: StatusText: Created
2021-11-12 16:54:24:5424 debug: user 178 created
2021-11-12 16:54:25:5425 error: 404
2021-11-12 16:54:25:5425 error: Not Found
2021-11-12 16:54:25:5425 debug: 404
2021-11-12 16:54:25:5425 debug: Not Found
2021-11-12 16:54:26:5426 debug: Status: 200
2021-11-12 16:54:26:5426 debug: StatusText: OK
2021-11-12 16:54:26:5426 debug: user 178 deleted
2021-11-12 16:54:28:5428 debug: Status: 201
2021-11-12 16:54:28:5428 debug: StatusText: Created
2021-11-12 16:54:28:5428 debug: user 179 created
2021-11-12 16:54:29:5429 error: 404
2021-11-12 16:54:29:5429 error: Not Found
2021-11-12 16:54:29:5429 debug: 404
2021-11-12 16:54:29:5429 debug: Not Found
2021-11-12 16:54:30:5430 debug: Status: 200
