2021-11-12 14:08:43:843 error: 404
2021-11-12 14:08:43:843 error: Not Found
2021-11-12 14:08:46:846 error: 404
2021-11-12 14:08:46:846 error: Not Found
2021-11-12 14:13:02:132 error: 404
2021-11-12 14:13:02:132 error: Not Found
2021-11-12 14:13:04:134 error: 404
2021-11-12 14:13:04:134 error: Not Found
2021-11-12 14:14:33:1433 error: 404
2021-11-12 14:14:33:1433 error: Not Found
2021-11-12 14:14:36:1436 error: 404
2021-11-12 14:14:36:1436 error: Not Found
2021-11-12 14:15:32:1532 error: 404
2021-11-12 14:15:32:1532 error: Not Found
2021-11-12 14:15:35:1535 error: 404
2021-11-12 14:15:35:1535 error: Not Found
2021-11-12 14:17:28:1728 error: 404
2021-11-12 14:17:28:1728 error: Not Found
2021-11-12 14:17:31:1731 error: 404
2021-11-12 14:17:31:1731 error: Not Found
2021-11-12 14:18:13:1813 error: 404
2021-11-12 14:18:13:1813 error: Not Found
2021-11-12 14:18:16:1816 error: 404
2021-11-12 14:18:16:1816 error: Not Found
2021-11-12 14:18:33:1833 error: 404
2021-11-12 14:18:33:1833 error: Not Found
2021-11-12 14:18:36:1836 error: 404
2021-11-12 14:18:36:1836 error: Not Found
2021-11-12 14:26:07:267 error: 404
2021-11-12 14:26:07:267 error: Not Found
2021-11-12 14:26:10:2610 error: 404
2021-11-12 14:26:10:2610 error: Not Found
2021-11-12 14:28:08:288 error: 404
2021-11-12 14:28:08:288 error: Not Found
2021-11-12 14:28:09:289 error: 404
2021-11-12 14:28:09:289 error: Not Found
2021-11-12 14:29:43:2943 error: 500
2021-11-12 14:29:43:2943 error: existing_user_login
2021-11-12 14:29:45:2945 error: 500
2021-11-12 14:29:45:2945 error: existing_user_login
2021-11-12 14:29:47:2947 error: 500
2021-11-12 14:29:47:2947 error: existing_user_login
2021-11-12 14:29:48:2948 error: 404
2021-11-12 14:29:48:2948 error: Not Found
2021-11-12 14:29:50:2950 error: 500
2021-11-12 14:29:50:2950 error: existing_user_login
2021-11-12 14:29:51:2951 error: 404
2021-11-12 14:29:51:2951 error: Not Found
2021-11-12 14:31:12:3112 error: 500
2021-11-12 14:31:12:3112 error: existing_user_login
2021-11-12 14:31:14:3114 error: 500
2021-11-12 14:31:14:3114 error: existing_user_login
2021-11-12 14:31:15:3115 error: 404
2021-11-12 14:31:15:3115 error: Not Found
2021-11-12 14:31:17:3117 error: 500
2021-11-12 14:31:17:3117 error: existing_user_login
2021-11-12 14:31:18:3118 error: 404
2021-11-12 14:31:18:3118 error: Not Found
2021-11-12 14:34:03:343 error: 404
2021-11-12 14:34:03:343 error: Not Found
2021-11-12 14:34:06:346 error: 404
2021-11-12 14:34:06:346 error: Not Found
2021-11-12 14:36:38:3638 error: 404
2021-11-12 14:36:38:3638 error: Not Found
2021-11-12 14:36:41:3641 error: 404
2021-11-12 14:36:41:3641 error: Not Found
2021-11-12 14:38:08:388 error: 404
2021-11-12 14:38:08:388 error: Not Found
2021-11-12 14:38:11:3811 error: 404
2021-11-12 14:38:11:3811 error: Not Found
2021-11-12 14:56:44:5644 error: 404
2021-11-12 14:56:44:5644 error: Not Found
2021-11-12 14:56:47:5647 error: 404
2021-11-12 14:56:47:5647 error: Not Found
2021-11-12 15:13:55:1355 error: 404
2021-11-12 15:13:55:1355 error: Not Found
2021-11-12 15:13:58:1358 error: 404
2021-11-12 15:13:58:1358 error: Not Found
2021-11-12 15:16:12:1612 error: 404
2021-11-12 15:16:12:1612 error: Not Found
2021-11-12 15:16:16:1616 error: 404
2021-11-12 15:16:16:1616 error: Not Found
2021-11-12 15:24:01:241 error: 404
2021-11-12 15:24:01:241 error: Not Found
2021-11-12 15:24:04:244 error: 404
2021-11-12 15:24:04:244 error: Not Found
2021-11-12 15:26:10:2610 error: 404
2021-11-12 15:26:10:2610 error: Not Found
2021-11-12 15:26:13:2613 error: 404
2021-11-12 15:26:13:2613 error: Not Found
2021-11-12 15:26:16:2616 error: 404
2021-11-12 15:26:16:2616 error: Not Found
2021-11-12 15:26:19:2619 error: 404
2021-11-12 15:26:19:2619 error: Not Found
2021-11-12 15:26:22:2622 error: 404
2021-11-12 15:26:22:2622 error: Not Found
2021-11-12 15:27:15:2715 error: 404
2021-11-12 15:27:15:2715 error: Not Found
2021-11-12 15:27:18:2718 error: 404
2021-11-12 15:27:18:2718 error: Not Found
2021-11-12 15:27:22:2722 error: 404
2021-11-12 15:27:22:2722 error: Not Found
2021-11-12 15:27:25:2725 error: 404
2021-11-12 15:27:25:2725 error: Not Found
2021-11-12 15:27:28:2728 error: 404
2021-11-12 15:27:28:2728 error: Not Found
2021-11-12 16:31:40:3140 error: Status: 500
2021-11-12 16:31:40:3140 error: Error Code: existing_user_login
2021-11-12 16:31:42:3142 error: Status: 500
2021-11-12 16:31:42:3142 error: Error Code: existing_user_login
2021-11-12 16:31:44:3144 error: Status: 500
2021-11-12 16:31:44:3144 error: Error Code: existing_user_login
2021-11-12 16:39:55:3955 error: 404
2021-11-12 16:39:55:3955 error: Not Found
2021-11-12 16:39:59:3959 error: 404
2021-11-12 16:39:59:3959 error: Not Found
2021-11-12 16:40:04:404 error: 404
2021-11-12 16:40:04:404 error: Not Found
2021-11-12 16:40:09:409 error: 404
2021-11-12 16:40:09:409 error: Not Found
2021-11-12 16:40:13:4013 error: 404
2021-11-12 16:40:13:4013 error: Not Found
2021-11-12 16:54:14:5414 error: 404
2021-11-12 16:54:14:5414 error: Not Found
2021-11-12 16:54:18:5418 error: 404
2021-11-12 16:54:18:5418 error: Not Found
2021-11-12 16:54:21:5421 error: 404
2021-11-12 16:54:21:5421 error: Not Found
2021-11-12 16:54:25:5425 error: 404
2021-11-12 16:54:25:5425 error: Not Found
2021-11-12 16:54:29:5429 error: 404
2021-11-12 16:54:29:5429 error: Not Found
